c:\users\oliver reekie\desktop\games technology\in2026 coursework code\in2026 coursework code\vc\asteroids\debug\vc142.pdb
c:\users\oliver reekie\desktop\games technology\in2026 coursework code\in2026 coursework code\vc\asteroids\debug\vc142.idb
c:\users\oliver reekie\desktop\games technology\in2026 coursework code\in2026 coursework code\vc\asteroids\debug\asteroid.obj
c:\users\oliver reekie\desktop\games technology\in2026 coursework code\in2026 coursework code\vc\asteroids\debug\asteroids.obj
c:\users\oliver reekie\desktop\games technology\in2026 coursework code\in2026 coursework code\vc\asteroids\debug\bullet.obj
c:\users\oliver reekie\desktop\games technology\in2026 coursework code\in2026 coursework code\vc\asteroids\debug\explosion.obj
c:\users\oliver reekie\desktop\games technology\in2026 coursework code\in2026 coursework code\vc\asteroids\debug\main.obj
c:\users\oliver reekie\desktop\games technology\in2026 coursework code\in2026 coursework code\vc\asteroids\debug\spaceship.obj
c:\users\oliver reekie\desktop\games technology\in2026 coursework code\in2026 coursework code\vc\asteroids\debug\asteroid_small.obj
c:\users\oliver reekie\desktop\games technology\in2026 coursework code\in2026 coursework code\vc\asteroids\debug\hourglass.obj
c:\users\oliver reekie\desktop\games technology\in2026 coursework code\in2026 coursework code\vc\asteroids\debug\alien.obj
c:\users\oliver reekie\desktop\games technology\in2026 coursework code\in2026 coursework code\vc\asteroids\debug\alienbullet.obj
c:\users\oliver reekie\desktop\games technology\in2026 coursework code\in2026 coursework code\vc\asteroids\debug\bigalien.obj
c:\users\oliver reekie\desktop\games technology\in2026 coursework code\in2026 coursework code\vc\asteroids\debug\trace.obj
c:\users\oliver reekie\desktop\games technology\in2026 coursework code\in2026 coursework code\bin\asteroids.exe
c:\users\oliver reekie\desktop\games technology\in2026 coursework code\in2026 coursework code\bin\asteroids.ilk
c:\users\oliver reekie\desktop\games technology\in2026 coursework code\in2026 coursework code\vc\asteroids\debug\asteroids.pdb
c:\users\oliver reekie\desktop\games technology\in2026 coursework code\in2026 coursework code\vc\asteroids\debug\asteroids.tlog\cl.command.1.tlog
c:\users\oliver reekie\desktop\games technology\in2026 coursework code\in2026 coursework code\vc\asteroids\debug\asteroids.tlog\cl.read.1.tlog
c:\users\oliver reekie\desktop\games technology\in2026 coursework code\in2026 coursework code\vc\asteroids\debug\asteroids.tlog\cl.write.1.tlog
c:\users\oliver reekie\desktop\games technology\in2026 coursework code\in2026 coursework code\vc\asteroids\debug\asteroids.tlog\link.command.1.tlog
c:\users\oliver reekie\desktop\games technology\in2026 coursework code\in2026 coursework code\vc\asteroids\debug\asteroids.tlog\link.read.1.tlog
c:\users\oliver reekie\desktop\games technology\in2026 coursework code\in2026 coursework code\vc\asteroids\debug\asteroids.tlog\link.write.1.tlog
